<?xml version="1.0" encoding="UTF-8"?>
<testng-results ignored="0" total="1" passed="1" failed="0" skipped="0">
  <reporter-output>
    <line>
      <![CDATA[Clicked on Vendors]]>
    </line>
    <line>
      <![CDATA[Clicked on Create Vendors]]>
    </line>
    <line>
      <![CDATA[Vendors name entered]]>
    </line>
    <line>
      <![CDATA[New Vendor submitted]]>
    </line>
  </reporter-output>
  <suite started-at="2020-05-09T07:15:00 IST" name="Default suite" finished-at="2020-05-09T07:15:51 IST" duration-ms="50498">
    <groups>
    </groups>
    <test started-at="2020-05-09T07:15:00 IST" name="Default test" finished-at="2020-05-09T07:15:51 IST" duration-ms="50498">
      <class name="com.testscripts.createVendorTest">
        <test-method is-config="true" signature="configBC()[pri:0, instance:com.testscripts.createVendorTest@568ff82]" started-at="2020-05-09T07:15:00 IST" name="configBC" finished-at="2020-05-09T07:15:24 IST" duration-ms="23347" status="PASS">
          <reporter-output>
          </reporter-output>
        </test-method> <!-- configBC -->
        <test-method is-config="true" signature="configBM()[pri:0, instance:com.testscripts.createVendorTest@568ff82]" started-at="2020-05-09T07:15:24 IST" name="configBM" finished-at="2020-05-09T07:15:24 IST" duration-ms="0" status="PASS">
          <reporter-output>
          </reporter-output>
        </test-method> <!-- configBM -->
        <test-method signature="createVendor()[pri:0, instance:com.testscripts.createVendorTest@568ff82]" started-at="2020-05-09T07:15:24 IST" name="createVendor" finished-at="2020-05-09T07:15:50 IST" duration-ms="26112" status="PASS">
          <reporter-output>
            <line>
              <![CDATA[Clicked on Vendors]]>
            </line>
            <line>
              <![CDATA[Clicked on Create Vendors]]>
            </line>
            <line>
              <![CDATA[Vendors name entered]]>
            </line>
            <line>
              <![CDATA[New Vendor submitted]]>
            </line>
          </reporter-output>
        </test-method> <!-- createVendor -->
        <test-method is-config="true" signature="configAM()[pri:0, instance:com.testscripts.createVendorTest@568ff82]" started-at="2020-05-09T07:15:50 IST" name="configAM" finished-at="2020-05-09T07:15:50 IST" duration-ms="1" status="PASS">
          <reporter-output>
          </reporter-output>
        </test-method> <!-- configAM -->
        <test-method is-config="true" signature="configAC()[pri:0, instance:com.testscripts.createVendorTest@568ff82]" started-at="2020-05-09T07:15:50 IST" name="configAC" finished-at="2020-05-09T07:15:51 IST" duration-ms="970" status="PASS">
          <reporter-output>
          </reporter-output>
        </test-method> <!-- configAC -->
      </class> <!-- com.testscripts.createVendorTest -->
    </test> <!-- Default test -->
  </suite> <!-- Default suite -->
</testng-results>
