<?xml version="1.0" encoding="UTF-8"?>
<!-- Generated by org.testng.reporters.JUnitXMLReporter -->
<testsuite ignored="0" hostname="Dvs" failures="0" tests="2" name="Test" time="0.239" errors="0" timestamp="2020-05-09T07:10:15 IST">
  <testcase classname="com.vTigerLogin.base" name="@BeforeClass configBC" time="0.047">
    <failure type="java.lang.NullPointerException">
      <![CDATA[java.lang.NullPointerException
at com.vTigerLogin.Filelib.getPropertyValue(Filelib.java:42)
at com.vTigerLogin.base.configBC(base.java:25)
at java.base/java.util.ArrayList.forEach(ArrayList.java:1540)
... Removed 25 stack frames]]>
    </failure>
  </testcase> <!-- @BeforeClass configBC -->
  <testcase classname="com.vTigerLogin.base" name="@BeforeMethod configBM" time="-1.588988415144E9">
    <skipped/>
  </testcase> <!-- @BeforeMethod configBM -->
  <testcase classname="com.vTigerLogin.base" name="@AfterMethod configAM" time="-1.588988415155E9">
    <skipped/>
  </testcase> <!-- @AfterMethod configAM -->
  <testcase classname="com.vTigerLogin.base" name="@AfterClass configAC" time="-1.58898841518E9">
    <skipped/>
  </testcase> <!-- @AfterClass configAC -->
  <testcase classname="com.vTigerLogin.base" name="@BeforeClass configBC" time="0.001">
    <failure type="java.lang.NullPointerException">
      <![CDATA[java.lang.NullPointerException
at com.vTigerLogin.Filelib.getPropertyValue(Filelib.java:42)
at com.vTigerLogin.base.configBC(base.java:25)
at java.base/java.util.ArrayList.forEach(ArrayList.java:1540)
... Removed 25 stack frames]]>
    </failure>
  </testcase> <!-- @BeforeClass configBC -->
  <testcase classname="com.vTigerLogin.base" name="@BeforeMethod configBM" time="-1.58898841519E9">
    <skipped/>
  </testcase> <!-- @BeforeMethod configBM -->
  <testcase classname="com.vTigerLogin.base" name="@AfterMethod configAM" time="-1.588988415205E9">
    <skipped/>
  </testcase> <!-- @AfterMethod configAM -->
  <testcase classname="com.vTigerLogin.base" name="@AfterClass configAC" time="-1.588988415213E9">
    <skipped/>
  </testcase> <!-- @AfterClass configAC -->
  <testcase classname="com.testscripts.CreateProductTest" name="products" time="0.0">
    <skipped/>
  </testcase> <!-- products -->
  <testcase classname="com.testscripts.createVendorTest" name="createVendor" time="0.0">
    <skipped/>
  </testcase> <!-- createVendor -->
</testsuite> <!-- Test -->
